Machine (P#0 total=33554048KB Backend=Linux LinuxCgroup=/ OSName=Linux OSRelease=2.6.32.45-0.3.2_1.0400.6336-cray_gem_c OSVersion="#1 SMP Wed Nov 16 04:53:30 UTC 2011" HostName=nid00006 Architecture=x86_64)
 Socket L#0 (P#0 total=16776832KB CPUModel="AMD Opteron(tm) Processor 6136" CPUType=x86_64)
   NUMANode L#0 (P#0 local=8388224KB total=8388224KB)
     L3Cache L#0 (size=5118KB linesize=64 ways=48)
       L2Cache L#0 (size=512KB linesize=64 ways=16)
         L1Cache L#0 (size=64KB linesize=64 ways=2)
           Core L#0 (P#0)
             PU L#0 (P#0)
       L2Cache L#1 (size=512KB linesize=64 ways=16)
         L1Cache L#1 (size=64KB linesize=64 ways=2)
           Core L#1 (P#1)
             PU L#1 (P#1)
       L2Cache L#2 (size=512KB linesize=64 ways=16)
         L1Cache L#2 (size=64KB linesize=64 ways=2)
           Core L#2 (P#2)
             PU L#2 (P#2)
       L2Cache L#3 (size=512KB linesize=64 ways=16)
         L1Cache L#3 (size=64KB linesize=64 ways=2)
           Core L#3 (P#3)
             PU L#3 (P#3)
   NUMANode L#1 (P#1 local=8388608KB total=8388608KB)
     L3Cache L#1 (size=5118KB linesize=64 ways=48)
       L2Cache L#4 (size=512KB linesize=64 ways=16)
         L1Cache L#4 (size=64KB linesize=64 ways=2)
           Core L#4 (P#0)
             PU L#4 (P#4)
       L2Cache L#5 (size=512KB linesize=64 ways=16)
         L1Cache L#5 (size=64KB linesize=64 ways=2)
           Core L#5 (P#1)
             PU L#5 (P#5)
       L2Cache L#6 (size=512KB linesize=64 ways=16)
         L1Cache L#6 (size=64KB linesize=64 ways=2)
           Core L#6 (P#2)
             PU L#6 (P#6)
       L2Cache L#7 (size=512KB linesize=64 ways=16)
         L1Cache L#7 (size=64KB linesize=64 ways=2)
           Core L#7 (P#3)
             PU L#7 (P#7)
 Socket L#1 (P#1 total=16777216KB CPUModel="AMD Opteron(tm) Processor 6136" CPUType=x86_64)
   NUMANode L#2 (P#2 local=8388608KB total=8388608KB)
     L3Cache L#2 (size=5118KB linesize=64 ways=48)
       L2Cache L#8 (size=512KB linesize=64 ways=16)
         L1Cache L#8 (size=64KB linesize=64 ways=2)
           Core L#8 (P#0)
             PU L#8 (P#8)
       L2Cache L#9 (size=512KB linesize=64 ways=16)
         L1Cache L#9 (size=64KB linesize=64 ways=2)
           Core L#9 (P#1)
             PU L#9 (P#9)
       L2Cache L#10 (size=512KB linesize=64 ways=16)
         L1Cache L#10 (size=64KB linesize=64 ways=2)
           Core L#10 (P#2)
             PU L#10 (P#10)
       L2Cache L#11 (size=512KB linesize=64 ways=16)
         L1Cache L#11 (size=64KB linesize=64 ways=2)
           Core L#11 (P#3)
             PU L#11 (P#11)
   NUMANode L#3 (P#3 local=8388608KB total=8388608KB)
     L3Cache L#3 (size=5118KB linesize=64 ways=48)
       L2Cache L#12 (size=512KB linesize=64 ways=16)
         L1Cache L#12 (size=64KB linesize=64 ways=2)
           Core L#12 (P#0)
             PU L#12 (P#12)
       L2Cache L#13 (size=512KB linesize=64 ways=16)
         L1Cache L#13 (size=64KB linesize=64 ways=2)
           Core L#13 (P#1)
             PU L#13 (P#13)
       L2Cache L#14 (size=512KB linesize=64 ways=16)
         L1Cache L#14 (size=64KB linesize=64 ways=2)
           Core L#14 (P#2)
             PU L#14 (P#14)
       L2Cache L#15 (size=512KB linesize=64 ways=16)
         L1Cache L#15 (size=64KB linesize=64 ways=2)
           Core L#15 (P#3)
             PU L#15 (P#15)

